

*******************************************************************************
Mon Jul 14 17:16:00 2014


FIT:    data read from filename u 1:2
        format = x:z
        #datapoints = 10
        residuals are weighted equally (unit weight)

function used for fitting: f(x)
fitted parameters initialized with current variable values



 Iteration 0
 WSSR        : 2.75759e+08       delta(WSSR)/WSSR   : 0
 delta(WSSR) : 0                 limit for stopping : 1e-05
 lambda	  : 1

initial set of free parameter values

mean_y          = 1

After 3 iterations the fit converged.
final sum of squares of residuals : 1.35411e+06
rel. change during last iteration : -1.67141e-06

degrees of freedom    (FIT_NDF)                        : 9
rms of residuals      (FIT_STDFIT) = sqrt(WSSR/ndf)    : 387.888
variance of residuals (reduced chisquare) = WSSR/ndf   : 150457

Final set of parameters            Asymptotic Standard Error
=======================            ==========================

mean_y          = 5239.37          +/- 122.7        (2.341%)


correlation matrix of the fit parameters:

               mean_y 
mean_y          1.000 


*******************************************************************************
Sun Jul 27 20:10:29 2014


FIT:    data read from filename u 1:2
        format = x:z
        #datapoints = 53004
        residuals are weighted equally (unit weight)

function used for fitting: f(x)
fitted parameters initialized with current variable values



 Iteration 0
 WSSR        : 9.82499e+10       delta(WSSR)/WSSR   : 0
 delta(WSSR) : 0                 limit for stopping : 1e-05
 lambda	  : 1

initial set of free parameter values

mean_y          = 1

After 2 iterations the fit converged.
final sum of squares of residuals : 4.92228e+10
rel. change during last iteration : -3.54504e-10

degrees of freedom    (FIT_NDF)                        : 53003
rms of residuals      (FIT_STDFIT) = sqrt(WSSR/ndf)    : 963.68
variance of residuals (reduced chisquare) = WSSR/ndf   : 928679

Final set of parameters            Asymptotic Standard Error
=======================            ==========================

mean_y          = 962.754          +/- 4.186        (0.4348%)


correlation matrix of the fit parameters:

               mean_y 
mean_y          1.000 


*******************************************************************************
Sun Jul 27 20:11:28 2014


FIT:    data read from filename u 1:2
        format = x:z
        #datapoints = 52939
        residuals are weighted equally (unit weight)

function used for fitting: f(x)
fitted parameters initialized with current variable values



 Iteration 0
 WSSR        : 9.82483e+10       delta(WSSR)/WSSR   : 0
 delta(WSSR) : 0                 limit for stopping : 1e-05
 lambda	  : 1

initial set of free parameter values

mean_y          = 1

After 2 iterations the fit converged.
final sum of squares of residuals : 4.91702e+10
rel. change during last iteration : -3.56148e-10

degrees of freedom    (FIT_NDF)                        : 52938
rms of residuals      (FIT_STDFIT) = sqrt(WSSR/ndf)    : 963.757
variance of residuals (reduced chisquare) = WSSR/ndf   : 928827

Final set of parameters            Asymptotic Standard Error
=======================            ==========================

mean_y          = 963.844          +/- 4.189        (0.4346%)


correlation matrix of the fit parameters:

               mean_y 
mean_y          1.000 


*******************************************************************************
Sat Aug 23 10:05:15 2014


FIT:    data read from filename u 1:2
        format = x:z
        #datapoints = 1421
        residuals are weighted equally (unit weight)

function used for fitting: f(x)
fitted parameters initialized with current variable values



 Iteration 0
 WSSR        : 4.93091e+09       delta(WSSR)/WSSR   : 0
 delta(WSSR) : 0                 limit for stopping : 1e-05
 lambda	  : 1

initial set of free parameter values

mean_y          = 1

After 2 iterations the fit converged.
final sum of squares of residuals : 3.03784e+08
rel. change during last iteration : -7.53264e-06

degrees of freedom    (FIT_NDF)                        : 1420
rms of residuals      (FIT_STDFIT) = sqrt(WSSR/ndf)    : 462.528
variance of residuals (reduced chisquare) = WSSR/ndf   : 213932

Final set of parameters            Asymptotic Standard Error
=======================            ==========================

mean_y          = 1805.51          +/- 12.27        (0.6796%)


correlation matrix of the fit parameters:

               mean_y 
mean_y          1.000 


*******************************************************************************
Sat Aug 23 10:06:27 2014


FIT:    data read from filename u 1:2
        format = x:z
        #datapoints = 17
        residuals are weighted equally (unit weight)

function used for fitting: f(x)
fitted parameters initialized with current variable values



 Iteration 0
 WSSR        : 2.59284e+06       delta(WSSR)/WSSR   : 0
 delta(WSSR) : 0                 limit for stopping : 1e-05
 lambda	  : 1

initial set of free parameter values

mean_y          = 1

After 3 iterations the fit converged.
final sum of squares of residuals : 19682.1
rel. change during last iteration : -1.39458e-07

degrees of freedom    (FIT_NDF)                        : 16
rms of residuals      (FIT_STDFIT) = sqrt(WSSR/ndf)    : 35.0732
variance of residuals (reduced chisquare) = WSSR/ndf   : 1230.13

Final set of parameters            Asymptotic Standard Error
=======================            ==========================

mean_y          = 390.053          +/- 8.506        (2.181%)


correlation matrix of the fit parameters:

               mean_y 
mean_y          1.000 


*******************************************************************************
Sat Aug 23 10:21:33 2014


FIT:    data read from filename u 1:2
        format = x:z
        #datapoints = 1088
        residuals are weighted equally (unit weight)

function used for fitting: f(x)
fitted parameters initialized with current variable values



 Iteration 0
 WSSR        : 1.30226e+08       delta(WSSR)/WSSR   : 0
 delta(WSSR) : 0                 limit for stopping : 1e-05
 lambda	  : 1

initial set of free parameter values

mean_y          = 1

After 3 iterations the fit converged.
final sum of squares of residuals : 501039
rel. change during last iteration : -1.82393e-14

degrees of freedom    (FIT_NDF)                        : 1087
rms of residuals      (FIT_STDFIT) = sqrt(WSSR/ndf)    : 21.4694
variance of residuals (reduced chisquare) = WSSR/ndf   : 460.937

Final set of parameters            Asymptotic Standard Error
=======================            ==========================

mean_y          = 346.3            +/- 0.6509       (0.188%)


correlation matrix of the fit parameters:

               mean_y 
mean_y          1.000 


*******************************************************************************
Sat Aug 23 12:12:26 2014


FIT:    data read from filename u 1:2
        format = x:z
        #datapoints = 4710
        residuals are weighted equally (unit weight)

function used for fitting: f(x)
fitted parameters initialized with current variable values



 Iteration 0
 WSSR        : 2.10759e+09       delta(WSSR)/WSSR   : 0
 delta(WSSR) : 0                 limit for stopping : 1e-05
 lambda	  : 1

initial set of free parameter values

mean_y          = 1

After 2 iterations the fit converged.
final sum of squares of residuals : 3.39658e+08
rel. change during last iteration : -2.34529e-07

degrees of freedom    (FIT_NDF)                        : 4709
rms of residuals      (FIT_STDFIT) = sqrt(WSSR/ndf)    : 268.569
variance of residuals (reduced chisquare) = WSSR/ndf   : 72129.5

Final set of parameters            Asymptotic Standard Error
=======================            ==========================

mean_y          = 613.663          +/- 3.913        (0.6377%)


correlation matrix of the fit parameters:

               mean_y 
mean_y          1.000 


*******************************************************************************
Sat Aug 23 12:31:36 2014


FIT:    data read from filename u 1:2
        format = x:z
        #datapoints = 8334
        residuals are weighted equally (unit weight)

function used for fitting: f(x)
fitted parameters initialized with current variable values



 Iteration 0
 WSSR        : 3.66828e+09       delta(WSSR)/WSSR   : 0
 delta(WSSR) : 0                 limit for stopping : 1e-05
 lambda	  : 1

initial set of free parameter values

mean_y          = 1

After 2 iterations the fit converged.
final sum of squares of residuals : 5.9391e+08
rel. change during last iteration : -7.45116e-08

degrees of freedom    (FIT_NDF)                        : 8333
rms of residuals      (FIT_STDFIT) = sqrt(WSSR/ndf)    : 266.968
variance of residuals (reduced chisquare) = WSSR/ndf   : 71272.1

Final set of parameters            Asymptotic Standard Error
=======================            ==========================

mean_y          = 608.367          +/- 2.924        (0.4807%)


correlation matrix of the fit parameters:

               mean_y 
mean_y          1.000 


*******************************************************************************
Sat Aug 23 13:25:08 2014


FIT:    data read from filename u 1:2
        format = x:z
        #datapoints = 11956
        residuals are weighted equally (unit weight)

function used for fitting: f(x)
fitted parameters initialized with current variable values



 Iteration 0
 WSSR        : 4.63975e+09       delta(WSSR)/WSSR   : 0
 delta(WSSR) : 0                 limit for stopping : 1e-05
 lambda	  : 1

initial set of free parameter values

mean_y          = 1

After 2 iterations the fit converged.
final sum of squares of residuals : 1.06028e+09
rel. change during last iteration : -2.36132e-08

degrees of freedom    (FIT_NDF)                        : 11955
rms of residuals      (FIT_STDFIT) = sqrt(WSSR/ndf)    : 297.807
variance of residuals (reduced chisquare) = WSSR/ndf   : 88689.1

Final set of parameters            Asymptotic Standard Error
=======================            ==========================

mean_y          = 548.162          +/- 2.724        (0.4969%)


correlation matrix of the fit parameters:

               mean_y 
mean_y          1.000 


*******************************************************************************
Sat Aug 23 15:33:33 2014


FIT:    data read from filename u 1:2
        format = x:z
        #datapoints = 19202
        residuals are weighted equally (unit weight)

function used for fitting: f(x)
fitted parameters initialized with current variable values



 Iteration 0
 WSSR        : 1.01445e+10       delta(WSSR)/WSSR   : 0
 delta(WSSR) : 0                 limit for stopping : 1e-05
 lambda	  : 1

initial set of free parameter values

mean_y          = 1

After 2 iterations the fit converged.
final sum of squares of residuals : 2.56961e+09
rel. change during last iteration : -7.99416e-09

degrees of freedom    (FIT_NDF)                        : 19201
rms of residuals      (FIT_STDFIT) = sqrt(WSSR/ndf)    : 365.824
variance of residuals (reduced chisquare) = WSSR/ndf   : 133827

Final set of parameters            Asymptotic Standard Error
=======================            ==========================

mean_y          = 629.082          +/- 2.64         (0.4197%)


correlation matrix of the fit parameters:

               mean_y 
mean_y          1.000 


*******************************************************************************
Sat Aug 23 16:14:21 2014


FIT:    data read from filename u 1:2
        format = x:z
        #datapoints = 22034
        residuals are weighted equally (unit weight)

function used for fitting: f(x)
fitted parameters initialized with current variable values



 Iteration 0
 WSSR        : 1.0264e+10        delta(WSSR)/WSSR   : 0
 delta(WSSR) : 0                 limit for stopping : 1e-05
 lambda	  : 1

initial set of free parameter values

mean_y          = 1

After 2 iterations the fit converged.
final sum of squares of residuals : 3.18633e+09
rel. change during last iteration : -4.57481e-09

degrees of freedom    (FIT_NDF)                        : 22033
rms of residuals      (FIT_STDFIT) = sqrt(WSSR/ndf)    : 380.284
variance of residuals (reduced chisquare) = WSSR/ndf   : 144616

Final set of parameters            Asymptotic Standard Error
=======================            ==========================

mean_y          = 567.758          +/- 2.562        (0.4512%)


correlation matrix of the fit parameters:

               mean_y 
mean_y          1.000 


*******************************************************************************
Sat Aug 23 19:44:06 2014


FIT:    data read from filename u 1:2
        format = x:z
        #datapoints = 11586
        residuals are weighted equally (unit weight)

function used for fitting: f(x)
fitted parameters initialized with current variable values



 Iteration 0
 WSSR        : 1.2249e+09        delta(WSSR)/WSSR   : 0
 delta(WSSR) : 0                 limit for stopping : 1e-05
 lambda	  : 1

initial set of free parameter values

mean_y          = 1

After 2 iterations the fit converged.
final sum of squares of residuals : 1.21888e+09
rel. change during last iteration : -3.6836e-11

degrees of freedom    (FIT_NDF)                        : 11585
rms of residuals      (FIT_STDFIT) = sqrt(WSSR/ndf)    : 324.363
variance of residuals (reduced chisquare) = WSSR/ndf   : 105212

Final set of parameters            Asymptotic Standard Error
=======================            ==========================

mean_y          = 23.8084          +/- 3.013        (12.66%)


correlation matrix of the fit parameters:

               mean_y 
mean_y          1.000 


*******************************************************************************
Sat Aug 23 19:46:02 2014


FIT:    data read from filename u 1:2
        format = x:z
        #datapoints = 22034
        residuals are weighted equally (unit weight)

function used for fitting: f(x)
fitted parameters initialized with current variable values



 Iteration 0
 WSSR        : 1.0264e+10        delta(WSSR)/WSSR   : 0
 delta(WSSR) : 0                 limit for stopping : 1e-05
 lambda	  : 1

initial set of free parameter values

mean_y          = 1

After 2 iterations the fit converged.
final sum of squares of residuals : 3.18633e+09
rel. change during last iteration : -4.57481e-09

degrees of freedom    (FIT_NDF)                        : 22033
rms of residuals      (FIT_STDFIT) = sqrt(WSSR/ndf)    : 380.284
variance of residuals (reduced chisquare) = WSSR/ndf   : 144616

Final set of parameters            Asymptotic Standard Error
=======================            ==========================

mean_y          = 567.758          +/- 2.562        (0.4512%)


correlation matrix of the fit parameters:

               mean_y 
mean_y          1.000 


*******************************************************************************
Sat Aug 23 22:00:40 2014


FIT:    data read from filename u 1:2
        format = x:z
        #datapoints = 18834
        residuals are weighted equally (unit weight)

function used for fitting: f(x)
fitted parameters initialized with current variable values



 Iteration 0
 WSSR        : 1.44616e+09       delta(WSSR)/WSSR   : 0
 delta(WSSR) : 0                 limit for stopping : 1e-05
 lambda	  : 1

initial set of free parameter values

mean_y          = 1

After 2 iterations the fit converged.
final sum of squares of residuals : 1.42964e+09
rel. change during last iteration : -3.25461e-11

degrees of freedom    (FIT_NDF)                        : 18833
rms of residuals      (FIT_STDFIT) = sqrt(WSSR/ndf)    : 275.52
variance of residuals (reduced chisquare) = WSSR/ndf   : 75911.3

Final set of parameters            Asymptotic Standard Error
=======================            ==========================

mean_y          = 30.6171          +/- 2.008        (6.557%)


correlation matrix of the fit parameters:

               mean_y 
mean_y          1.000 


*******************************************************************************
Sat Aug 23 22:02:37 2014


FIT:    data read from filename u 1:2
        format = x:z
        #datapoints = 18834
        residuals are weighted equally (unit weight)

function used for fitting: f(x)
fitted parameters initialized with current variable values



 Iteration 0
 WSSR        : 1.44616e+09       delta(WSSR)/WSSR   : 0
 delta(WSSR) : 0                 limit for stopping : 1e-05
 lambda	  : 1

initial set of free parameter values

mean_y          = 1

After 2 iterations the fit converged.
final sum of squares of residuals : 1.42964e+09
rel. change during last iteration : -3.25461e-11

degrees of freedom    (FIT_NDF)                        : 18833
rms of residuals      (FIT_STDFIT) = sqrt(WSSR/ndf)    : 275.52
variance of residuals (reduced chisquare) = WSSR/ndf   : 75911.3

Final set of parameters            Asymptotic Standard Error
=======================            ==========================

mean_y          = 30.6171          +/- 2.008        (6.557%)


correlation matrix of the fit parameters:

               mean_y 
mean_y          1.000 


*******************************************************************************
Sat Aug 23 22:10:11 2014


FIT:    data read from filename u 1:2
        format = x:z
        #datapoints = 18834
        residuals are weighted equally (unit weight)

function used for fitting: f(x)
fitted parameters initialized with current variable values



 Iteration 0
 WSSR        : 1.44616e+09       delta(WSSR)/WSSR   : 0
 delta(WSSR) : 0                 limit for stopping : 1e-05
 lambda	  : 1

initial set of free parameter values

mean_y          = 1

After 2 iterations the fit converged.
final sum of squares of residuals : 1.42964e+09
rel. change during last iteration : -3.25461e-11

degrees of freedom    (FIT_NDF)                        : 18833
rms of residuals      (FIT_STDFIT) = sqrt(WSSR/ndf)    : 275.52
variance of residuals (reduced chisquare) = WSSR/ndf   : 75911.3

Final set of parameters            Asymptotic Standard Error
=======================            ==========================

mean_y          = 30.6171          +/- 2.008        (6.557%)


correlation matrix of the fit parameters:

               mean_y 
mean_y          1.000 


*******************************************************************************
Wed Nov 12 13:41:06 2014


FIT:    data read from filename u 1:2
        format = x:z
        #datapoints = 150
        residuals are weighted equally (unit weight)

function used for fitting: f(x)
fitted parameters initialized with current variable values



 Iteration 0
 WSSR        : 7.03141e+08       delta(WSSR)/WSSR   : 0
 delta(WSSR) : 0                 limit for stopping : 1e-05
 lambda	  : 1

initial set of free parameter values

mean_y          = 1

After 3 iterations the fit converged.
final sum of squares of residuals : 2.93564e+08
rel. change during last iteration : -2.72883e-13

degrees of freedom    (FIT_NDF)                        : 149
rms of residuals      (FIT_STDFIT) = sqrt(WSSR/ndf)    : 1403.65
variance of residuals (reduced chisquare) = WSSR/ndf   : 1.97023e+06

Final set of parameters            Asymptotic Standard Error
=======================            ==========================

mean_y          = 1653.43          +/- 114.6        (6.932%)


correlation matrix of the fit parameters:

               mean_y 
mean_y          1.000 


*******************************************************************************
Wed Nov 12 13:45:54 2014


FIT:    data read from filename u 1:2
        format = x:z
        #datapoints = 142
        residuals are weighted equally (unit weight)

function used for fitting: f(x)
fitted parameters initialized with current variable values



 Iteration 0
 WSSR        : 9.04117e+08       delta(WSSR)/WSSR   : 0
 delta(WSSR) : 0                 limit for stopping : 1e-05
 lambda	  : 1

initial set of free parameter values

mean_y          = 1

After 3 iterations the fit converged.
final sum of squares of residuals : 4.7995e+08
rel. change during last iteration : -2.14723e-13

degrees of freedom    (FIT_NDF)                        : 141
rms of residuals      (FIT_STDFIT) = sqrt(WSSR/ndf)    : 1844.97
variance of residuals (reduced chisquare) = WSSR/ndf   : 3.4039e+06

Final set of parameters            Asymptotic Standard Error
=======================            ==========================

mean_y          = 1729.32          +/- 154.8        (8.953%)


correlation matrix of the fit parameters:

               mean_y 
mean_y          1.000 


*******************************************************************************
Wed Nov 12 14:11:49 2014


FIT:    data read from filename u 1:2
        format = x:z
        #datapoints = 1658
        residuals are weighted equally (unit weight)

function used for fitting: f(x)
fitted parameters initialized with current variable values



 Iteration 0
 WSSR        : 6.27759e+08       delta(WSSR)/WSSR   : 0
 delta(WSSR) : 0                 limit for stopping : 1e-05
 lambda	  : 1

initial set of free parameter values

mean_y          = 1

After 2 iterations the fit converged.
final sum of squares of residuals : 2.04098e+08
rel. change during last iteration : -7.54199e-07

degrees of freedom    (FIT_NDF)                        : 1657
rms of residuals      (FIT_STDFIT) = sqrt(WSSR/ndf)    : 350.961
variance of residuals (reduced chisquare) = WSSR/ndf   : 123173

Final set of parameters            Asymptotic Standard Error
=======================            ==========================

mean_y          = -504.495         +/- 8.619        (1.708%)


correlation matrix of the fit parameters:

               mean_y 
mean_y          1.000 
